[PM2] Applying action deleteProcessId on app [7](ids: [ '7' ])
[PM2] [sn23-new4](7) ✓
┌────┬───────────────────┬─────────────┬─────────┬─────────┬──────────┬────────┬──────┬───────────┬──────────┬──────────┬──────────┬──────────┐
│ id │ name              │ namespace   │ version │ mode    │ pid      │ uptime │ ↺    │ status    │ cpu      │ mem      │ user     │ watching │
├────┼───────────────────┼─────────────┼─────────┼─────────┼──────────┼────────┼──────┼───────────┼──────────┼──────────┼──────────┼──────────┤
│ 1  │ miner_endpoint    │ default     │ N/A     │ fork    │ 218096   │ 6h     │ 0    │ online    │ 1.1%     │ 826.1mb  │ root     │ disabled │
│ 10 │ sn35-new3         │ default     │ N/A     │ fork    │ 325295   │ 47m    │ 13   │ online    │ 97.2%    │ 1.3gb    │ root     │ disabled │
└────┴───────────────────┴─────────────┴─────────┴─────────┴──────────┴────────┴──────┴───────────┴──────────┴──────────┴──────────┴──────────┘
[PM2] Starting /root/NicheImage/main_env/bin/python in fork_mode (1 instance)
[PM2] Done.
┌────┬───────────────────┬─────────────┬─────────┬─────────┬──────────┬────────┬──────┬───────────┬──────────┬──────────┬──────────┬──────────┐
│ id │ name              │ namespace   │ version │ mode    │ pid      │ uptime │ ↺    │ status    │ cpu      │ mem      │ user     │ watching │
├────┼───────────────────┼─────────────┼─────────┼─────────┼──────────┼────────┼──────┼───────────┼──────────┼──────────┼──────────┼──────────┤
│ 1  │ miner_endpoint    │ default     │ N/A     │ fork    │ 218096   │ 6h     │ 0    │ online    │ 0%       │ 826.1mb  │ root     │ disabled │
│ 11 │ new4              │ default     │ N/A     │ fork    │ 325692   │ 0s     │ 0    │ online    │ 0%       │ 8.5mb    │ root     │ disabled │
│ 10 │ sn35-new3         │ default     │ N/A     │ fork    │ 325295   │ 47m    │ 13   │ online    │ 100%     │ 1.3gb    │ root     │ disabled │
└────┴───────────────────┴─────────────┴─────────┴─────────┴──────────┴────────┴──────┴───────────┴──────────┴──────────┴──────────┴──────────┘
Use --update-env to update environment variables
[PM2] Applying action reloadProcessId on app [8](ids: [ '8' ])
[PM2][ERROR] Process 8 not found
[PM2] Applying action deleteProcessId on app [8](ids: [ '8' ])
[PM2][ERROR] Process 8 not found
[PM2] Applying action deleteProcessId on app [9](ids: [ '9' ])
[PM2][ERROR] Process 9 not found
[PM2] Applying action deleteProcessId on app [11](ids: [ '11' ])
[PM2] [new4](11) ✓
┌────┬───────────────────┬─────────────┬─────────┬─────────┬──────────┬────────┬──────┬───────────┬──────────┬──────────┬──────────┬──────────┐
│ id │ name              │ namespace   │ version │ mode    │ pid      │ uptime │ ↺    │ status    │ cpu      │ mem      │ user     │ watching │
├────┼───────────────────┼─────────────┼─────────┼─────────┼──────────┼────────┼──────┼───────────┼──────────┼──────────┼──────────┼──────────┤
│ 1  │ miner_endpoint    │ default     │ N/A     │ fork    │ 218096   │ 14h    │ 0    │ online    │ 1.1%     │ 826.1mb  │ root     │ disabled │
│ 10 │ sn35-new3         │ default     │ N/A     │ fork    │ 325295   │ 8h     │ 13   │ online    │ 96.8%    │ 1.4gb    │ root     │ disabled │
└────┴───────────────────┴─────────────┴─────────┴─────────┴──────────┴────────┴──────┴───────────┴──────────┴──────────┴──────────┴──────────┘
[PM2] Starting /root/NicheImage/main_env/bin/python in fork_mode (1 instance)
[PM2] Done.
┌────┬───────────────────┬─────────────┬─────────┬─────────┬──────────┬────────┬──────┬───────────┬──────────┬──────────┬──────────┬──────────┐
│ id │ name              │ namespace   │ version │ mode    │ pid      │ uptime │ ↺    │ status    │ cpu      │ mem      │ user     │ watching │
├────┼───────────────────┼─────────────┼─────────┼─────────┼──────────┼────────┼──────┼───────────┼──────────┼──────────┼──────────┼──────────┤
│ 1  │ miner_endpoint    │ default     │ N/A     │ fork    │ 218096   │ 14h    │ 0    │ online    │ 0%       │ 826.1mb  │ root     │ disabled │
│ 12 │ new4              │ default     │ N/A     │ fork    │ 330106   │ 0s     │ 0    │ online    │ 0%       │ 8.3mb    │ root     │ disabled │
│ 10 │ sn35-new3         │ default     │ N/A     │ fork    │ 325295   │ 8h     │ 13   │ online    │ 100%     │ 1.4gb    │ root     │ disabled │
└────┴───────────────────┴─────────────┴─────────┴─────────┴──────────┴────────┴──────┴───────────┴──────────┴──────────┴──────────┴──────────┘
Use --update-env to update environment variables
[PM2] Applying action reloadProcessId on app [12](ids: [ '12' ])
[PM2] [new4](12) ✓
[PM2] Applying action deleteProcessId on app [7](ids: [ '7' ])
[PM2][ERROR] Process 7 not found
[PM2] Applying action deleteProcessId on app [8](ids: [ '8' ])
[PM2][ERROR] Process 8 not found
[PM2] Applying action deleteProcessId on app [9](ids: [ '9' ])
[PM2][ERROR] Process 9 not found
[PM2] Applying action deleteProcessId on app [10](ids: [ '10' ])
[PM2][ERROR] Process 10 not found
[PM2] Applying action deleteProcessId on app [11](ids: [ '11' ])
[PM2][ERROR] Process 11 not found
